[21-Jun-2013 15:17:04 UTC] PHP Warning:  unlink(/usr/home/s1306001/domains/www.sanofuzir.com/src/sano/CoreBundle/Entity/../../../../web/news/72f331e6e33206169adb9e61a652c60c7c96d0ba.jpeg) [<a href='function.unlink'>function.unlink</a>]: No such file or directory in /usr/home/s1306001/domains/www.sanofuzir.com/src/sano/CoreBundle/Entity/News.php on line 282
[21-Jun-2013 15:17:07 UTC] PHP Warning:  unlink(/usr/home/s1306001/domains/www.sanofuzir.com/src/sano/CoreBundle/Entity/../../../../web/news/e03914ad0cc4f08785c3db72a3a22a804bcf4cbf.jpeg) [<a href='function.unlink'>function.unlink</a>]: No such file or directory in /usr/home/s1306001/domains/www.sanofuzir.com/src/sano/CoreBundle/Entity/News.php on line 282
[21-Jun-2013 15:53:38 UTC] PHP Warning:  unlink(/usr/home/s1306001/domains/www.sanofuzir.com/src/sano/CoreBundle/Entity/../../../../web/post/44f7482f12aebbdca5fc4ecbc6e67341cfb22f51.jpeg) [<a href='function.unlink'>function.unlink</a>]: No such file or directory in /usr/home/s1306001/domains/www.sanofuzir.com/src/sano/CoreBundle/Entity/Post.php on line 270
[01-Sep-2013 16:17:42 UTC] PHP Fatal error:  Class 'senio\CoreBundle\Models\QuestionnaireManager' not found in /usr/home/s1306001/domains/www.sanofuzir.com/app/cache/prod/appProdProjectContainer.php on line 675
[01-Sep-2013 17:32:59 UTC] PHP Warning:  require(/usr/home/s1306001/domains/www.sanofuzir.com/vendor/symfony/symfony/src/Symfony/Component/Intl/Resources/stubs/functions.php) [<a href='function.require'>function.require</a>]: failed to open stream: No such file or directory in /usr/home/s1306001/domains/www.sanofuzir.com/vendor/composer/autoload_real.php on line 43
[01-Sep-2013 17:32:59 UTC] PHP Fatal error:  require() [<a href='function.require'>function.require</a>]: Failed opening required '/usr/home/s1306001/domains/www.sanofuzir.com/vendor/symfony/symfony/src/Symfony/Component/Intl/Resources/stubs/functions.php' (include_path='.:/usr/local/share/ZendFramework/library:/usr/local/share/pear') in /usr/home/s1306001/domains/www.sanofuzir.com/vendor/composer/autoload_real.php on line 43
[01-Sep-2013 17:33:03 UTC] PHP Warning:  require(/usr/home/s1306001/domains/www.sanofuzir.com/vendor/symfony/symfony/src/Symfony/Component/Intl/Resources/stubs/functions.php) [<a href='function.require'>function.require</a>]: failed to open stream: No such file or directory in /usr/home/s1306001/domains/www.sanofuzir.com/vendor/composer/autoload_real.php on line 43
[01-Sep-2013 17:33:03 UTC] PHP Fatal error:  require() [<a href='function.require'>function.require</a>]: Failed opening required '/usr/home/s1306001/domains/www.sanofuzir.com/vendor/symfony/symfony/src/Symfony/Component/Intl/Resources/stubs/functions.php' (include_path='.:/usr/local/share/ZendFramework/library:/usr/local/share/pear') in /usr/home/s1306001/domains/www.sanofuzir.com/vendor/composer/autoload_real.php on line 43
[01-Sep-2013 17:33:22 UTC] PHP Warning:  require(/usr/home/s1306001/domains/www.sanofuzir.com/vendor/symfony/symfony/src/Symfony/Component/Intl/Resources/stubs/functions.php) [<a href='function.require'>function.require</a>]: failed to open stream: No such file or directory in /usr/home/s1306001/domains/www.sanofuzir.com/vendor/composer/autoload_real.php on line 43
[01-Sep-2013 17:33:22 UTC] PHP Fatal error:  require() [<a href='function.require'>function.require</a>]: Failed opening required '/usr/home/s1306001/domains/www.sanofuzir.com/vendor/symfony/symfony/src/Symfony/Component/Intl/Resources/stubs/functions.php' (include_path='.:/usr/local/share/ZendFramework/library:/usr/local/share/pear') in /usr/home/s1306001/domains/www.sanofuzir.com/vendor/composer/autoload_real.php on line 43
[01-Sep-2013 17:33:26 UTC] PHP Warning:  require(/usr/home/s1306001/domains/www.sanofuzir.com/vendor/symfony/symfony/src/Symfony/Component/Intl/Resources/stubs/functions.php) [<a href='function.require'>function.require</a>]: failed to open stream: No such file or directory in /usr/home/s1306001/domains/www.sanofuzir.com/vendor/composer/autoload_real.php on line 43
[01-Sep-2013 17:33:26 UTC] PHP Fatal error:  require() [<a href='function.require'>function.require</a>]: Failed opening required '/usr/home/s1306001/domains/www.sanofuzir.com/vendor/symfony/symfony/src/Symfony/Component/Intl/Resources/stubs/functions.php' (include_path='.:/usr/local/share/ZendFramework/library:/usr/local/share/pear') in /usr/home/s1306001/domains/www.sanofuzir.com/vendor/composer/autoload_real.php on line 43
[01-Sep-2013 17:33:27 UTC] PHP Warning:  require(/usr/home/s1306001/domains/www.sanofuzir.com/vendor/symfony/symfony/src/Symfony/Component/Intl/Resources/stubs/functions.php) [<a href='function.require'>function.require</a>]: failed to open stream: No such file or directory in /usr/home/s1306001/domains/www.sanofuzir.com/vendor/composer/autoload_real.php on line 43
[01-Sep-2013 17:33:27 UTC] PHP Fatal error:  require() [<a href='function.require'>function.require</a>]: Failed opening required '/usr/home/s1306001/domains/www.sanofuzir.com/vendor/symfony/symfony/src/Symfony/Component/Intl/Resources/stubs/functions.php' (include_path='.:/usr/local/share/ZendFramework/library:/usr/local/share/pear') in /usr/home/s1306001/domains/www.sanofuzir.com/vendor/composer/autoload_real.php on line 43
[01-Sep-2013 17:33:30 UTC] PHP Warning:  require(/usr/home/s1306001/domains/www.sanofuzir.com/vendor/symfony/symfony/src/Symfony/Component/Intl/Resources/stubs/functions.php) [<a href='function.require'>function.require</a>]: failed to open stream: No such file or directory in /usr/home/s1306001/domains/www.sanofuzir.com/vendor/composer/autoload_real.php on line 43
[01-Sep-2013 17:33:30 UTC] PHP Fatal error:  require() [<a href='function.require'>function.require</a>]: Failed opening required '/usr/home/s1306001/domains/www.sanofuzir.com/vendor/symfony/symfony/src/Symfony/Component/Intl/Resources/stubs/functions.php' (include_path='.:/usr/local/share/ZendFramework/library:/usr/local/share/pear') in /usr/home/s1306001/domains/www.sanofuzir.com/vendor/composer/autoload_real.php on line 43
[01-Sep-2013 17:41:17 UTC] PHP Warning:  mkdir() [<a href='function.mkdir'>function.mkdir</a>]: Permission denied in /usr/home/s1306001/domains/www.sanofuzir.com/vendor/symfony/symfony/src/Symfony/Component/HttpFoundation/Session/Storage/Handler/NativeFileSessionHandler.php on line 52
[01-Sep-2013 17:41:17 UTC] PHP Fatal error:  Uncaught exception 'UnexpectedValueException' with message 'The stream or file "/Users/sanofuzir/Sites/senio/app/logs/prod.log" could not be opened: fopen(/Users/sanofuzir/Sites/senio/app/logs/prod.log) [<a href='function.fopen'>function.fopen</a>]: failed to open stream: No such file or directory' in /usr/home/s1306001/domains/www.sanofuzir.com/vendor/monolog/monolog/src/Monolog/Handler/StreamHandler.php:71
Stack trace:
#0 /usr/home/s1306001/domains/www.sanofuzir.com/vendor/monolog/monolog/src/Monolog/Handler/AbstractProcessingHandler.php(37): Monolog\Handler\StreamHandler->write(Array)
#1 /usr/home/s1306001/domains/www.sanofuzir.com/vendor/monolog/monolog/src/Monolog/Handler/AbstractHandler.php(58): Monolog\Handler\AbstractProcessingHandler->handle(Array)
#2 /usr/home/s1306001/domains/www.sanofuzir.com/vendor/monolog/monolog/src/Monolog/Handler/FingersCrossedHandler.php(101): Monolog\Handler\AbstractHandler->handleBatch(Array)
#3 /usr/home/s1306001/domains/www.sanofuzir.com/vendor/monolog/monolog/src/Monolo in /usr/home/s1306001/domains/www.sanofuzir.com/vendor/monolog/monolog/src/Monolog/Handler/StreamHandler.php on line 71
[01-Sep-2013 17:41:29 UTC] PHP Warning:  mkdir() [<a href='function.mkdir'>function.mkdir</a>]: Permission denied in /usr/home/s1306001/domains/www.sanofuzir.com/app/cache/prod/classes.php on line 315
[01-Sep-2013 17:41:29 UTC] PHP Fatal error:  Uncaught exception 'UnexpectedValueException' with message 'The stream or file "/Users/sanofuzir/Sites/senio/app/logs/prod.log" could not be opened: fopen(/Users/sanofuzir/Sites/senio/app/logs/prod.log) [<a href='function.fopen'>function.fopen</a>]: failed to open stream: No such file or directory' in /usr/home/s1306001/domains/www.sanofuzir.com/app/cache/prod/classes.php:4799
Stack trace:
#0 /usr/home/s1306001/domains/www.sanofuzir.com/app/cache/prod/classes.php(4747): Monolog\Handler\StreamHandler->write(Array)
#1 /usr/home/s1306001/domains/www.sanofuzir.com/app/cache/prod/classes.php(4676): Monolog\Handler\AbstractProcessingHandler->handle(Array)
#2 /usr/home/s1306001/domains/www.sanofuzir.com/app/cache/prod/classes.php(4862): Monolog\Handler\AbstractHandler->handleBatch(Array)
#3 /usr/home/s1306001/domains/www.sanofuzir.com/app/cache/prod/classes.php(5078): Monolog\Handler\FingersCrossedHandler->handle(Array)
#4 /usr/home/s1306001/domains/www.sanofuzir.com/app/cache/prod/classes.php(5178): Monolog\Logger- in /usr/home/s1306001/domains/www.sanofuzir.com/app/cache/prod/classes.php on line 4799
[01-Sep-2013 17:43:43 UTC] PHP Warning:  mkdir() [<a href='function.mkdir'>function.mkdir</a>]: Permission denied in /usr/home/s1306001/domains/www.sanofuzir.com/app/cache/prod/classes.php on line 315
[01-Sep-2013 17:43:43 UTC] PHP Fatal error:  Uncaught exception 'UnexpectedValueException' with message 'The stream or file "/Users/sanofuzir/Sites/senio/app/logs/prod.log" could not be opened: fopen(/Users/sanofuzir/Sites/senio/app/logs/prod.log) [<a href='function.fopen'>function.fopen</a>]: failed to open stream: No such file or directory' in /usr/home/s1306001/domains/www.sanofuzir.com/app/cache/prod/classes.php:4799
Stack trace:
#0 /usr/home/s1306001/domains/www.sanofuzir.com/app/cache/prod/classes.php(4747): Monolog\Handler\StreamHandler->write(Array)
#1 /usr/home/s1306001/domains/www.sanofuzir.com/app/cache/prod/classes.php(4676): Monolog\Handler\AbstractProcessingHandler->handle(Array)
#2 /usr/home/s1306001/domains/www.sanofuzir.com/app/cache/prod/classes.php(4862): Monolog\Handler\AbstractHandler->handleBatch(Array)
#3 /usr/home/s1306001/domains/www.sanofuzir.com/app/cache/prod/classes.php(5078): Monolog\Handler\FingersCrossedHandler->handle(Array)
#4 /usr/home/s1306001/domains/www.sanofuzir.com/app/cache/prod/classes.php(5178): Monolog\Logger- in /usr/home/s1306001/domains/www.sanofuzir.com/app/cache/prod/classes.php on line 4799
[01-Sep-2013 17:43:45 UTC] PHP Warning:  mkdir() [<a href='function.mkdir'>function.mkdir</a>]: Permission denied in /usr/home/s1306001/domains/www.sanofuzir.com/app/cache/prod/classes.php on line 315
[01-Sep-2013 17:43:45 UTC] PHP Fatal error:  Uncaught exception 'UnexpectedValueException' with message 'The stream or file "/Users/sanofuzir/Sites/senio/app/logs/prod.log" could not be opened: fopen(/Users/sanofuzir/Sites/senio/app/logs/prod.log) [<a href='function.fopen'>function.fopen</a>]: failed to open stream: No such file or directory' in /usr/home/s1306001/domains/www.sanofuzir.com/app/cache/prod/classes.php:4799
Stack trace:
#0 /usr/home/s1306001/domains/www.sanofuzir.com/app/cache/prod/classes.php(4747): Monolog\Handler\StreamHandler->write(Array)
#1 /usr/home/s1306001/domains/www.sanofuzir.com/app/cache/prod/classes.php(4676): Monolog\Handler\AbstractProcessingHandler->handle(Array)
#2 /usr/home/s1306001/domains/www.sanofuzir.com/app/cache/prod/classes.php(4862): Monolog\Handler\AbstractHandler->handleBatch(Array)
#3 /usr/home/s1306001/domains/www.sanofuzir.com/app/cache/prod/classes.php(5078): Monolog\Handler\FingersCrossedHandler->handle(Array)
#4 /usr/home/s1306001/domains/www.sanofuzir.com/app/cache/prod/classes.php(5178): Monolog\Logger- in /usr/home/s1306001/domains/www.sanofuzir.com/app/cache/prod/classes.php on line 4799
[01-Sep-2013 17:47:33 UTC] PHP Warning:  mkdir() [<a href='function.mkdir'>function.mkdir</a>]: Permission denied in /usr/home/s1306001/domains/www.sanofuzir.com/app/cache/prod/classes.php on line 315
[01-Sep-2013 17:47:33 UTC] PHP Fatal error:  Uncaught exception 'UnexpectedValueException' with message 'The stream or file "/Users/sanofuzir/Sites/senio/app/logs/prod.log" could not be opened: fopen(/Users/sanofuzir/Sites/senio/app/logs/prod.log) [<a href='function.fopen'>function.fopen</a>]: failed to open stream: No such file or directory' in /usr/home/s1306001/domains/www.sanofuzir.com/app/cache/prod/classes.php:4799
Stack trace:
#0 /usr/home/s1306001/domains/www.sanofuzir.com/app/cache/prod/classes.php(4747): Monolog\Handler\StreamHandler->write(Array)
#1 /usr/home/s1306001/domains/www.sanofuzir.com/app/cache/prod/classes.php(4676): Monolog\Handler\AbstractProcessingHandler->handle(Array)
#2 /usr/home/s1306001/domains/www.sanofuzir.com/app/cache/prod/classes.php(4862): Monolog\Handler\AbstractHandler->handleBatch(Array)
#3 /usr/home/s1306001/domains/www.sanofuzir.com/app/cache/prod/classes.php(5078): Monolog\Handler\FingersCrossedHandler->handle(Array)
#4 /usr/home/s1306001/domains/www.sanofuzir.com/app/cache/prod/classes.php(5178): Monolog\Logger- in /usr/home/s1306001/domains/www.sanofuzir.com/app/cache/prod/classes.php on line 4799
[01-Sep-2013 20:35:59 UTC] PHP Warning:  mkdir() [<a href='function.mkdir'>function.mkdir</a>]: Permission denied in /usr/home/s1306001/domains/www.sanofuzir.com/app/cache/prod/classes.php on line 315
[01-Sep-2013 20:35:59 UTC] PHP Fatal error:  Uncaught exception 'UnexpectedValueException' with message 'The stream or file "/Users/sanofuzir/Sites/senio/app/logs/prod.log" could not be opened: fopen(/Users/sanofuzir/Sites/senio/app/logs/prod.log) [<a href='function.fopen'>function.fopen</a>]: failed to open stream: No such file or directory' in /usr/home/s1306001/domains/www.sanofuzir.com/app/cache/prod/classes.php:4799
Stack trace:
#0 /usr/home/s1306001/domains/www.sanofuzir.com/app/cache/prod/classes.php(4747): Monolog\Handler\StreamHandler->write(Array)
#1 /usr/home/s1306001/domains/www.sanofuzir.com/app/cache/prod/classes.php(4676): Monolog\Handler\AbstractProcessingHandler->handle(Array)
#2 /usr/home/s1306001/domains/www.sanofuzir.com/app/cache/prod/classes.php(4862): Monolog\Handler\AbstractHandler->handleBatch(Array)
#3 /usr/home/s1306001/domains/www.sanofuzir.com/app/cache/prod/classes.php(5078): Monolog\Handler\FingersCrossedHandler->handle(Array)
#4 /usr/home/s1306001/domains/www.sanofuzir.com/app/cache/prod/classes.php(5178): Monolog\Logger- in /usr/home/s1306001/domains/www.sanofuzir.com/app/cache/prod/classes.php on line 4799
[01-Sep-2013 20:36:05 UTC] PHP Warning:  mkdir() [<a href='function.mkdir'>function.mkdir</a>]: Permission denied in /usr/home/s1306001/domains/www.sanofuzir.com/app/cache/prod/classes.php on line 315
[01-Sep-2013 20:36:05 UTC] PHP Fatal error:  Uncaught exception 'UnexpectedValueException' with message 'The stream or file "/Users/sanofuzir/Sites/senio/app/logs/prod.log" could not be opened: fopen(/Users/sanofuzir/Sites/senio/app/logs/prod.log) [<a href='function.fopen'>function.fopen</a>]: failed to open stream: No such file or directory' in /usr/home/s1306001/domains/www.sanofuzir.com/app/cache/prod/classes.php:4799
Stack trace:
#0 /usr/home/s1306001/domains/www.sanofuzir.com/app/cache/prod/classes.php(4747): Monolog\Handler\StreamHandler->write(Array)
#1 /usr/home/s1306001/domains/www.sanofuzir.com/app/cache/prod/classes.php(4676): Monolog\Handler\AbstractProcessingHandler->handle(Array)
#2 /usr/home/s1306001/domains/www.sanofuzir.com/app/cache/prod/classes.php(4862): Monolog\Handler\AbstractHandler->handleBatch(Array)
#3 /usr/home/s1306001/domains/www.sanofuzir.com/app/cache/prod/classes.php(5078): Monolog\Handler\FingersCrossedHandler->handle(Array)
#4 /usr/home/s1306001/domains/www.sanofuzir.com/app/cache/prod/classes.php(5178): Monolog\Logger- in /usr/home/s1306001/domains/www.sanofuzir.com/app/cache/prod/classes.php on line 4799
[01-Sep-2013 20:36:14 UTC] PHP Warning:  mkdir() [<a href='function.mkdir'>function.mkdir</a>]: Permission denied in /usr/home/s1306001/domains/www.sanofuzir.com/app/cache/prod/classes.php on line 315
[01-Sep-2013 20:36:14 UTC] PHP Fatal error:  Uncaught exception 'UnexpectedValueException' with message 'The stream or file "/Users/sanofuzir/Sites/senio/app/logs/prod.log" could not be opened: fopen(/Users/sanofuzir/Sites/senio/app/logs/prod.log) [<a href='function.fopen'>function.fopen</a>]: failed to open stream: No such file or directory' in /usr/home/s1306001/domains/www.sanofuzir.com/app/cache/prod/classes.php:4799
Stack trace:
#0 /usr/home/s1306001/domains/www.sanofuzir.com/app/cache/prod/classes.php(4747): Monolog\Handler\StreamHandler->write(Array)
#1 /usr/home/s1306001/domains/www.sanofuzir.com/app/cache/prod/classes.php(4676): Monolog\Handler\AbstractProcessingHandler->handle(Array)
#2 /usr/home/s1306001/domains/www.sanofuzir.com/app/cache/prod/classes.php(4862): Monolog\Handler\AbstractHandler->handleBatch(Array)
#3 /usr/home/s1306001/domains/www.sanofuzir.com/app/cache/prod/classes.php(5078): Monolog\Handler\FingersCrossedHandler->handle(Array)
#4 /usr/home/s1306001/domains/www.sanofuzir.com/app/cache/prod/classes.php(5178): Monolog\Logger- in /usr/home/s1306001/domains/www.sanofuzir.com/app/cache/prod/classes.php on line 4799
[01-Sep-2013 20:37:21 UTC] PHP Warning:  mkdir() [<a href='function.mkdir'>function.mkdir</a>]: Permission denied in /usr/home/s1306001/domains/www.sanofuzir.com/app/cache/prod/classes.php on line 315
[01-Sep-2013 20:37:21 UTC] PHP Fatal error:  Uncaught exception 'UnexpectedValueException' with message 'The stream or file "/Users/sanofuzir/Sites/senio/app/logs/prod.log" could not be opened: fopen(/Users/sanofuzir/Sites/senio/app/logs/prod.log) [<a href='function.fopen'>function.fopen</a>]: failed to open stream: No such file or directory' in /usr/home/s1306001/domains/www.sanofuzir.com/app/cache/prod/classes.php:4799
Stack trace:
#0 /usr/home/s1306001/domains/www.sanofuzir.com/app/cache/prod/classes.php(4747): Monolog\Handler\StreamHandler->write(Array)
#1 /usr/home/s1306001/domains/www.sanofuzir.com/app/cache/prod/classes.php(4676): Monolog\Handler\AbstractProcessingHandler->handle(Array)
#2 /usr/home/s1306001/domains/www.sanofuzir.com/app/cache/prod/classes.php(4862): Monolog\Handler\AbstractHandler->handleBatch(Array)
#3 /usr/home/s1306001/domains/www.sanofuzir.com/app/cache/prod/classes.php(5078): Monolog\Handler\FingersCrossedHandler->handle(Array)
#4 /usr/home/s1306001/domains/www.sanofuzir.com/app/cache/prod/classes.php(5178): Monolog\Logger- in /usr/home/s1306001/domains/www.sanofuzir.com/app/cache/prod/classes.php on line 4799
[01-Sep-2013 20:42:03 UTC] PHP Warning:  mkdir() [<a href='function.mkdir'>function.mkdir</a>]: Permission denied in /usr/home/s1306001/domains/www.sanofuzir.com/app/cache/prod/classes.php on line 315
[01-Sep-2013 20:42:03 UTC] PHP Fatal error:  Uncaught exception 'UnexpectedValueException' with message 'The stream or file "/Users/sanofuzir/Sites/senio/app/logs/prod.log" could not be opened: fopen(/Users/sanofuzir/Sites/senio/app/logs/prod.log) [<a href='function.fopen'>function.fopen</a>]: failed to open stream: No such file or directory' in /usr/home/s1306001/domains/www.sanofuzir.com/app/cache/prod/classes.php:4799
Stack trace:
#0 /usr/home/s1306001/domains/www.sanofuzir.com/app/cache/prod/classes.php(4747): Monolog\Handler\StreamHandler->write(Array)
#1 /usr/home/s1306001/domains/www.sanofuzir.com/app/cache/prod/classes.php(4676): Monolog\Handler\AbstractProcessingHandler->handle(Array)
#2 /usr/home/s1306001/domains/www.sanofuzir.com/app/cache/prod/classes.php(4862): Monolog\Handler\AbstractHandler->handleBatch(Array)
#3 /usr/home/s1306001/domains/www.sanofuzir.com/app/cache/prod/classes.php(5078): Monolog\Handler\FingersCrossedHandler->handle(Array)
#4 /usr/home/s1306001/domains/www.sanofuzir.com/app/cache/prod/classes.php(5178): Monolog\Logger- in /usr/home/s1306001/domains/www.sanofuzir.com/app/cache/prod/classes.php on line 4799
[01-Sep-2013 20:42:12 UTC] PHP Warning:  mkdir() [<a href='function.mkdir'>function.mkdir</a>]: Permission denied in /usr/home/s1306001/domains/www.sanofuzir.com/app/cache/prod/classes.php on line 315
[01-Sep-2013 20:42:12 UTC] PHP Fatal error:  Uncaught exception 'UnexpectedValueException' with message 'The stream or file "/Users/sanofuzir/Sites/senio/app/logs/prod.log" could not be opened: fopen(/Users/sanofuzir/Sites/senio/app/logs/prod.log) [<a href='function.fopen'>function.fopen</a>]: failed to open stream: No such file or directory' in /usr/home/s1306001/domains/www.sanofuzir.com/app/cache/prod/classes.php:4799
Stack trace:
#0 /usr/home/s1306001/domains/www.sanofuzir.com/app/cache/prod/classes.php(4747): Monolog\Handler\StreamHandler->write(Array)
#1 /usr/home/s1306001/domains/www.sanofuzir.com/app/cache/prod/classes.php(4676): Monolog\Handler\AbstractProcessingHandler->handle(Array)
#2 /usr/home/s1306001/domains/www.sanofuzir.com/app/cache/prod/classes.php(4862): Monolog\Handler\AbstractHandler->handleBatch(Array)
#3 /usr/home/s1306001/domains/www.sanofuzir.com/app/cache/prod/classes.php(5078): Monolog\Handler\FingersCrossedHandler->handle(Array)
#4 /usr/home/s1306001/domains/www.sanofuzir.com/app/cache/prod/classes.php(5178): Monolog\Logger- in /usr/home/s1306001/domains/www.sanofuzir.com/app/cache/prod/classes.php on line 4799
[01-Sep-2013 20:42:24 UTC] PHP Warning:  mkdir() [<a href='function.mkdir'>function.mkdir</a>]: Permission denied in /usr/home/s1306001/domains/www.sanofuzir.com/app/cache/prod/classes.php on line 315
[01-Sep-2013 20:42:24 UTC] PHP Fatal error:  Uncaught exception 'UnexpectedValueException' with message 'The stream or file "/Users/sanofuzir/Sites/senio/app/logs/prod.log" could not be opened: fopen(/Users/sanofuzir/Sites/senio/app/logs/prod.log) [<a href='function.fopen'>function.fopen</a>]: failed to open stream: No such file or directory' in /usr/home/s1306001/domains/www.sanofuzir.com/app/cache/prod/classes.php:4799
Stack trace:
#0 /usr/home/s1306001/domains/www.sanofuzir.com/app/cache/prod/classes.php(4747): Monolog\Handler\StreamHandler->write(Array)
#1 /usr/home/s1306001/domains/www.sanofuzir.com/app/cache/prod/classes.php(4676): Monolog\Handler\AbstractProcessingHandler->handle(Array)
#2 /usr/home/s1306001/domains/www.sanofuzir.com/app/cache/prod/classes.php(4862): Monolog\Handler\AbstractHandler->handleBatch(Array)
#3 /usr/home/s1306001/domains/www.sanofuzir.com/app/cache/prod/classes.php(5078): Monolog\Handler\FingersCrossedHandler->handle(Array)
#4 /usr/home/s1306001/domains/www.sanofuzir.com/app/cache/prod/classes.php(5178): Monolog\Logger- in /usr/home/s1306001/domains/www.sanofuzir.com/app/cache/prod/classes.php on line 4799
[01-Sep-2013 20:47:52 UTC] PHP Fatal error:  Class 'senio\CoreBundle\Models\QuestionnaireManager' not found in /usr/home/s1306001/domains/www.sanofuzir.com/app/cache/prod/appProdProjectContainer.php on line 675
[01-Sep-2013 20:50:43 UTC] PHP Fatal error:  Class 'senio\CoreBundle\Models\QuestionnaireManager' not found in /usr/home/s1306001/domains/www.sanofuzir.com/app/cache/prod/appProdProjectContainer.php on line 675
[01-Sep-2013 20:53:21 UTC] PHP Fatal error:  Class 'senio\CoreBundle\Models\QuestionnaireManager' not found in /usr/home/s1306001/domains/www.sanofuzir.com/app/cache/prod/appProdProjectContainer.php on line 675
[01-Sep-2013 20:53:57 UTC] PHP Fatal error:  Class 'senio\CoreBundle\Models\QuestionnaireManager' not found in /usr/home/s1306001/domains/www.sanofuzir.com/app/cache/prod/appProdProjectContainer.php on line 675
[01-Sep-2013 21:02:46 UTC] PHP Fatal error:  Class 'senio\CoreBundle\Models\QuestionnaireManager' not found in /usr/home/s1306001/domains/www.sanofuzir.com/app/cache/prod/appProdProjectContainer.php on line 675
[01-Sep-2013 21:05:10 UTC] PHP Fatal error:  Class 'senio\CoreBundle\Models\QuestionnaireManager' not found in /usr/home/s1306001/domains/www.sanofuzir.com/app/cache/prod/appProdProjectContainer.php on line 675
[01-Sep-2013 21:20:41 UTC] PHP Fatal error:  Class 'senio\CoreBundle\Models\QuestionnaireManager' not found in /usr/home/s1306001/domains/www.sanofuzir.com/app/cache/prod/appProdProjectContainer.php on line 675
[01-Sep-2013 21:20:59 UTC] PHP Fatal error:  Class 'senio\CoreBundle\Models\QuestionnaireManager' not found in /usr/home/s1306001/domains/www.sanofuzir.com/app/cache/prod/appProdProjectContainer.php on line 675
[01-Sep-2013 21:26:19 UTC] PHP Fatal error:  Class 'senio\CoreBundle\Models\QuestionnaireManager' not found in /usr/home/s1306001/domains/www.sanofuzir.com/app/cache/prod/appProdProjectContainer.php on line 675
[01-Sep-2013 21:26:37 UTC] PHP Fatal error:  Class 'senio\CoreBundle\Models\QuestionnaireManager' not found in /usr/home/s1306001/domains/www.sanofuzir.com/app/cache/prod/appProdProjectContainer.php on line 675
[02-Sep-2013 07:19:31 UTC] PHP Fatal error:  Class 'senio\CoreBundle\Models\QuestionnaireManager' not found in /usr/home/s1306001/domains/www.sanofuzir.com/app/cache/prod/appProdProjectContainer.php on line 675
[02-Sep-2013 07:27:57 UTC] PHP Fatal error:  Class 'senio\CoreBundle\Models\QuestionnaireManager' not found in /usr/home/s1306001/domains/www.sanofuzir.com/app/cache/prod/appProdProjectContainer.php on line 675
[02-Sep-2013 08:54:44 UTC] PHP Fatal error:  Class 'Sano\CoreBundle\Form\QuestionnaireType' not found in /usr/home/s1306001/domains/www.sanofuzir.com/src/sano/CoreBundle/Controller/DefaultController.php on line 64
[02-Sep-2013 08:55:33 UTC] PHP Fatal error:  Class 'Sano\CoreBundle\Form\QuestionnaireType' not found in /usr/home/s1306001/domains/www.sanofuzir.com/src/sano/CoreBundle/Controller/DefaultController.php on line 64
[02-Sep-2013 08:57:01 UTC] PHP Fatal error:  Class 'Sano\CoreBundle\Form\QuestionnaireType' not found in /usr/home/s1306001/domains/www.sanofuzir.com/src/sano/CoreBundle/Controller/DefaultController.php on line 64
[02-Sep-2013 09:00:27 UTC] PHP Fatal error:  Class 'Sano\CoreBundle\Form\QuestionnaireType' not found in /usr/home/s1306001/domains/www.sanofuzir.com/src/sano/CoreBundle/Controller/DefaultController.php on line 64
[02-Sep-2013 09:01:16 UTC] PHP Fatal error:  Class 'Sano\CoreBundle\Form\QuestionnaireType' not found in /usr/home/s1306001/domains/www.sanofuzir.com/src/sano/CoreBundle/Controller/DefaultController.php on line 64
[02-Sep-2013 09:01:32 UTC] PHP Fatal error:  Call to a member function createView() on a non-object in /usr/home/s1306001/domains/www.sanofuzir.com/src/sano/CoreBundle/Controller/DefaultController.php on line 95
[02-Sep-2013 09:01:47 UTC] PHP Fatal error:  Call to a member function createView() on a non-object in /usr/home/s1306001/domains/www.sanofuzir.com/src/sano/CoreBundle/Controller/DefaultController.php on line 95
[02-Sep-2013 09:02:00 UTC] PHP Fatal error:  Call to a member function createView() on a non-object in /usr/home/s1306001/domains/www.sanofuzir.com/src/sano/CoreBundle/Controller/DefaultController.php on line 95
[02-Sep-2013 09:02:42 UTC] PHP Fatal error:  Class 'Sano\CoreBundle\Form\QuestionnaireType' not found in /usr/home/s1306001/domains/www.sanofuzir.com/src/sano/CoreBundle/Controller/DefaultController.php on line 64
[02-Sep-2013 09:03:02 UTC] PHP Fatal error:  Class 'Sano\CoreBundle\Form\QuestionnaireType' not found in /usr/home/s1306001/domains/www.sanofuzir.com/src/sano/CoreBundle/Controller/DefaultController.php on line 64
[02-Sep-2013 09:05:48 UTC] PHP Fatal error:  Class 'Sano\CoreBundle\Form\QuestionnaireType' not found in /usr/home/s1306001/domains/www.sanofuzir.com/src/sano/CoreBundle/Controller/DefaultController.php on line 64
[02-Sep-2013 09:07:41 UTC] PHP Fatal error:  Class 'Sano\CoreBundle\Form\QuestionnaireType' not found in /usr/home/s1306001/domains/www.sanofuzir.com/src/sano/CoreBundle/Controller/DefaultController.php on line 64
[02-Sep-2013 09:08:35 UTC] PHP Fatal error:  Class 'Sano\CoreBundle\Form\NewsType' not found in /usr/home/s1306001/domains/www.sanofuzir.com/src/sano/CoreBundle/Controller/DefaultController.php on line 68
[02-Sep-2013 09:11:09 UTC] PHP Fatal error:  Class 'Sano\CoreBundle\Form\QuestionnaireType' not found in /usr/home/s1306001/domains/www.sanofuzir.com/src/sano/CoreBundle/Controller/DefaultController.php on line 64
[02-Sep-2013 09:11:17 UTC] PHP Fatal error:  Class 'Sano\CoreBundle\Form\QuestionnaireType' not found in /usr/home/s1306001/domains/www.sanofuzir.com/src/sano/CoreBundle/Controller/DefaultController.php on line 64
[02-Sep-2013 09:11:54 UTC] PHP Fatal error:  Class 'Sano\CoreBundle\Form\QuestionnaireType' not found in /usr/home/s1306001/domains/www.sanofuzir.com/src/sano/CoreBundle/Controller/DefaultController.php on line 64
[02-Sep-2013 09:15:29 UTC] PHP Fatal error:  Class 'Sano\CoreBundle\Form\QuestionnaireType' not found in /usr/home/s1306001/domains/www.sanofuzir.com/src/sano/CoreBundle/Controller/DefaultController.php on line 66
[02-Sep-2013 09:18:55 UTC] PHP Fatal error:  Class 'Sano\CoreBundle\Form\QuestionnaireType' not found in /usr/home/s1306001/domains/www.sanofuzir.com/src/sano/CoreBundle/Controller/DefaultController.php on line 66
[02-Sep-2013 09:19:18 UTC] PHP Fatal error:  Class 'Sano\CoreBundle\Form\QuestionnaireType' not found in /usr/home/s1306001/domains/www.sanofuzir.com/src/sano/CoreBundle/Controller/DefaultController.php on line 66
[02-Sep-2013 09:22:44 UTC] PHP Fatal error:  Class 'Sano\CoreBundle\Form\QuestionnaireType' not found in /usr/home/s1306001/domains/www.sanofuzir.com/src/sano/CoreBundle/Controller/DefaultController.php on line 66
[02-Sep-2013 09:26:47 UTC] PHP Fatal error:  Class 'Sano\CoreBundle\Form\QuestionnaireType' not found in /usr/home/s1306001/domains/www.sanofuzir.com/src/sano/CoreBundle/Controller/DefaultController.php on line 66
[02-Sep-2013 09:29:24 UTC] PHP Fatal error:  Class 'Sano\CoreBundle\Form\QuestionnaireType' not found in /usr/home/s1306001/domains/www.sanofuzir.com/src/sano/CoreBundle/Controller/DefaultController.php on line 66
[02-Sep-2013 09:29:40 UTC] PHP Fatal error:  Call to a member function createView() on a non-object in /usr/home/s1306001/domains/www.sanofuzir.com/src/sano/CoreBundle/Controller/DefaultController.php on line 96
[02-Sep-2013 09:31:45 UTC] PHP Fatal error:  Call to a member function createView() on a non-object in /usr/home/s1306001/domains/www.sanofuzir.com/src/sano/CoreBundle/Controller/DefaultController.php on line 96
[02-Sep-2013 09:32:02 UTC] PHP Fatal error:  Class 'Sano\CoreBundle\Form\QuestionnaireType' not found in /usr/home/s1306001/domains/www.sanofuzir.com/src/sano/CoreBundle/Controller/DefaultController.php on line 66
[02-Sep-2013 09:32:16 UTC] PHP Fatal error:  Class 'Sano\CoreBundle\Form\QuestionnaireType' not found in /usr/home/s1306001/domains/www.sanofuzir.com/src/sano/CoreBundle/Controller/DefaultController.php on line 66
[02-Sep-2013 09:32:42 UTC] PHP Fatal error:  Class 'Sano\CoreBundle\Form\QuestionnaireType' not found in /usr/home/s1306001/domains/www.sanofuzir.com/src/sano/CoreBundle/Controller/DefaultController.php on line 66
[02-Sep-2013 09:40:09 UTC] PHP Fatal error:  Class 'Sano\CoreBundle\Form\QuestionnaireType' not found in /usr/home/s1306001/domains/www.sanofuzir.com/src/sano/CoreBundle/Controller/DefaultController.php on line 66
[02-Sep-2013 09:40:47 UTC] PHP Fatal error:  Call to a member function createView() on a non-object in /usr/home/s1306001/domains/www.sanofuzir.com/src/sano/CoreBundle/Controller/DefaultController.php on line 96
[02-Sep-2013 09:41:23 UTC] PHP Catchable fatal error:  Argument 1 passed to Symfony\Component\Form\FormRenderer::searchAndRenderBlock() must be an instance of Symfony\Component\Form\FormView, null given, called in /usr/home/s1306001/domains/www.sanofuzir.com/app/cache/prod/twig/cd/01/ef6a3756b23a19096b726a914eac.php on line 45 and defined in /usr/home/s1306001/domains/www.sanofuzir.com/vendor/symfony/symfony/src/Symfony/Component/Form/FormRenderer.php on line 148
[02-Sep-2013 09:41:39 UTC] PHP Fatal error:  Class 'Sano\CoreBundle\Form\QuestionnaireType' not found in /usr/home/s1306001/domains/www.sanofuzir.com/src/sano/CoreBundle/Controller/DefaultController.php on line 66
[02-Sep-2013 09:42:46 UTC] PHP Fatal error:  Class 'Sano\CoreBundle\Form\QuestionnaireType' not found in /usr/home/s1306001/domains/www.sanofuzir.com/src/sano/CoreBundle/Controller/DefaultController.php on line 66
[02-Sep-2013 09:43:49 UTC] PHP Fatal error:  Class 'Sano\CoreBundle\Form\QuestionnaireType' not found in /usr/home/s1306001/domains/www.sanofuzir.com/src/sano/CoreBundle/Controller/DefaultController.php on line 66
[02-Sep-2013 09:44:21 UTC] PHP Fatal error:  Class 'Sano\CoreBundle\Form\QuestionnaireType' not found in /usr/home/s1306001/domains/www.sanofuzir.com/src/sano/CoreBundle/Controller/DefaultController.php on line 66
[02-Sep-2013 09:46:26 UTC] PHP Fatal error:  Call to undefined method sano\CoreBundle\Controller\DefaultController::getCommentManager() in /usr/home/s1306001/domains/www.sanofuzir.com/src/sano/CoreBundle/Controller/DefaultController.php on line 60
[02-Sep-2013 09:46:34 UTC] PHP Fatal error:  Call to undefined method sano\CoreBundle\Controller\DefaultController::getCommentManager() in /usr/home/s1306001/domains/www.sanofuzir.com/src/sano/CoreBundle/Controller/DefaultController.php on line 60
[02-Sep-2013 09:51:07 UTC] PHP Fatal error:  Class 'Sano\CoreBundle\Form\QuestionnaireType' not found in /usr/home/s1306001/domains/www.sanofuzir.com/src/sano/CoreBundle/Controller/DefaultController.php on line 73
[02-Sep-2013 09:59:43 UTC] PHP Catchable fatal error:  Argument 1 passed to Symfony\Component\Form\FormRenderer::searchAndRenderBlock() must be an instance of Symfony\Component\Form\FormView, null given, called in /usr/home/s1306001/domains/www.sanofuzir.com/app/cache/prod/twig/cd/01/ef6a3756b23a19096b726a914eac.php on line 45 and defined in /usr/home/s1306001/domains/www.sanofuzir.com/vendor/symfony/symfony/src/Symfony/Component/Form/FormRenderer.php on line 148
[02-Sep-2013 10:00:16 UTC] PHP Catchable fatal error:  Argument 1 passed to Symfony\Component\Form\FormRenderer::searchAndRenderBlock() must be an instance of Symfony\Component\Form\FormView, null given, called in /usr/home/s1306001/domains/www.sanofuzir.com/app/cache/prod/twig/cd/01/ef6a3756b23a19096b726a914eac.php on line 45 and defined in /usr/home/s1306001/domains/www.sanofuzir.com/vendor/symfony/symfony/src/Symfony/Component/Form/FormRenderer.php on line 148
[02-Sep-2013 10:00:42 UTC] PHP Catchable fatal error:  Argument 1 passed to Symfony\Component\Form\FormRenderer::searchAndRenderBlock() must be an instance of Symfony\Component\Form\FormView, null given, called in /usr/home/s1306001/domains/www.sanofuzir.com/app/cache/prod/twig/cd/01/ef6a3756b23a19096b726a914eac.php on line 45 and defined in /usr/home/s1306001/domains/www.sanofuzir.com/vendor/symfony/symfony/src/Symfony/Component/Form/FormRenderer.php on line 148
[02-Sep-2013 10:00:58 UTC] PHP Catchable fatal error:  Argument 1 passed to Symfony\Component\Form\FormRenderer::searchAndRenderBlock() must be an instance of Symfony\Component\Form\FormView, null given, called in /usr/home/s1306001/domains/www.sanofuzir.com/app/cache/prod/twig/cd/01/ef6a3756b23a19096b726a914eac.php on line 45 and defined in /usr/home/s1306001/domains/www.sanofuzir.com/vendor/symfony/symfony/src/Symfony/Component/Form/FormRenderer.php on line 148
[02-Sep-2013 10:01:00 UTC] PHP Catchable fatal error:  Argument 1 passed to Symfony\Component\Form\FormRenderer::searchAndRenderBlock() must be an instance of Symfony\Component\Form\FormView, null given, called in /usr/home/s1306001/domains/www.sanofuzir.com/app/cache/prod/twig/cd/01/ef6a3756b23a19096b726a914eac.php on line 45 and defined in /usr/home/s1306001/domains/www.sanofuzir.com/vendor/symfony/symfony/src/Symfony/Component/Form/FormRenderer.php on line 148
[02-Sep-2013 10:01:52 UTC] PHP Fatal error:  Class 'Sano\CoreBundle\Form\QuestionnaireType' not found in /usr/home/s1306001/domains/www.sanofuzir.com/src/sano/CoreBundle/Controller/DefaultController.php on line 66
[02-Sep-2013 10:09:33 UTC] PHP Fatal error:  Class 'Sano\CoreBundle\Form\QuestionnaireType' not found in /usr/home/s1306001/domains/www.sanofuzir.com/src/sano/CoreBundle/Controller/DefaultController.php on line 66
[02-Sep-2013 10:13:12 UTC] PHP Fatal error:  Class 'Sano\CoreBundle\Form\QuestionnaireType' not found in /usr/home/s1306001/domains/www.sanofuzir.com/src/sano/CoreBundle/Controller/DefaultController.php on line 66
[02-Sep-2013 10:18:56 UTC] PHP Fatal error:  Class 'Sano\CoreBundle\Form\QuestionnaireType' not found in /usr/home/s1306001/domains/www.sanofuzir.com/src/sano/CoreBundle/Controller/DefaultController.php on line 66
[02-Sep-2013 10:19:36 UTC] PHP Fatal error:  Class 'Sano\CoreBundle\Form\QuestionnaireType' not found in /usr/home/s1306001/domains/www.sanofuzir.com/src/sano/CoreBundle/Controller/DefaultController.php on line 66
[02-Sep-2013 10:30:36 UTC] PHP Fatal error:  Class 'Sano\CoreBundle\Form\QuestionnaireType' not found in /usr/home/s1306001/domains/www.sanofuzir.com/src/sano/CoreBundle/Controller/DefaultController.php on line 66
[02-Sep-2013 10:31:39 UTC] PHP Fatal error:  Class 'Sano\CoreBundle\Form\QuestionnaireType' not found in /usr/home/s1306001/domains/www.sanofuzir.com/src/sano/CoreBundle/Controller/DefaultController.php on line 66
[02-Sep-2013 10:32:36 UTC] PHP Fatal error:  Class 'Sano\CoreBundle\Form\QuestionnaireType' not found in /usr/home/s1306001/domains/www.sanofuzir.com/src/sano/CoreBundle/Controller/DefaultController.php on line 66
[02-Sep-2013 10:35:23 UTC] PHP Fatal error:  Class 'Sano\CoreBundle\Form\QuestionnaireType' not found in /usr/home/s1306001/domains/www.sanofuzir.com/src/sano/CoreBundle/Controller/DefaultController.php on line 62
[02-Sep-2013 10:35:30 UTC] PHP Fatal error:  Class 'Sano\CoreBundle\Form\QuestionnaireType' not found in /usr/home/s1306001/domains/www.sanofuzir.com/src/sano/CoreBundle/Controller/DefaultController.php on line 62
[02-Sep-2013 10:35:59 UTC] PHP Catchable fatal error:  Argument 1 passed to Symfony\Component\Form\FormRenderer::searchAndRenderBlock() must be an instance of Symfony\Component\Form\FormView, null given, called in /usr/home/s1306001/domains/www.sanofuzir.com/app/cache/prod/twig/cd/01/ef6a3756b23a19096b726a914eac.php on line 45 and defined in /usr/home/s1306001/domains/www.sanofuzir.com/vendor/symfony/symfony/src/Symfony/Component/Form/FormRenderer.php on line 148
[02-Sep-2013 10:36:08 UTC] PHP Catchable fatal error:  Argument 1 passed to Symfony\Component\Form\FormRenderer::searchAndRenderBlock() must be an instance of Symfony\Component\Form\FormView, null given, called in /usr/home/s1306001/domains/www.sanofuzir.com/app/cache/prod/twig/cd/01/ef6a3756b23a19096b726a914eac.php on line 45 and defined in /usr/home/s1306001/domains/www.sanofuzir.com/vendor/symfony/symfony/src/Symfony/Component/Form/FormRenderer.php on line 148
[02-Sep-2013 10:39:05 UTC] PHP Fatal error:  Class 'Sano\CoreBundle\Form\QuestionnaireType' not found in /usr/home/s1306001/domains/www.sanofuzir.com/src/sano/CoreBundle/Controller/DefaultController.php on line 62
[02-Sep-2013 10:39:53 UTC] PHP Fatal error:  Class 'Sano\CoreBundle\Form\QuestionnaireType' not found in /usr/home/s1306001/domains/www.sanofuzir.com/src/sano/CoreBundle/Controller/DefaultController.php on line 62
[02-Sep-2013 10:41:39 UTC] PHP Fatal error:  Class 'Sano\CoreBundle\Form\QuestionnaireType' not found in /usr/home/s1306001/domains/www.sanofuzir.com/src/sano/CoreBundle/Controller/DefaultController.php on line 62
[02-Sep-2013 10:43:22 UTC] PHP Fatal error:  Call to undefined method sano\CoreBundle\Models\PostManager::createQuestionnaire() in /usr/home/s1306001/domains/www.sanofuzir.com/src/sano/CoreBundle/Controller/DefaultController.php on line 72
[02-Sep-2013 10:43:53 UTC] PHP Fatal error:  Class 'Sano\CoreBundle\Form\PostType' not found in /usr/home/s1306001/domains/www.sanofuzir.com/src/sano/CoreBundle/Controller/DefaultController.php on line 74
[02-Sep-2013 10:43:59 UTC] PHP Fatal error:  Class 'Sano\CoreBundle\Form\PostType' not found in /usr/home/s1306001/domains/www.sanofuzir.com/src/sano/CoreBundle/Controller/DefaultController.php on line 74
[02-Sep-2013 10:44:49 UTC] PHP Fatal error:  Class 'Sano\CoreBundle\Form\PostType' not found in /usr/home/s1306001/domains/www.sanofuzir.com/src/sano/CoreBundle/Controller/DefaultController.php on line 74
[02-Sep-2013 10:45:35 UTC] PHP Catchable fatal error:  Argument 1 passed to Symfony\Component\Form\FormRenderer::searchAndRenderBlock() must be an instance of Symfony\Component\Form\FormView, null given, called in /usr/home/s1306001/domains/www.sanofuzir.com/app/cache/prod/twig/cd/01/ef6a3756b23a19096b726a914eac.php on line 45 and defined in /usr/home/s1306001/domains/www.sanofuzir.com/vendor/symfony/symfony/src/Symfony/Component/Form/FormRenderer.php on line 148
[02-Sep-2013 10:46:05 UTC] PHP Fatal error:  Class 'Sano\CoreBundle\Form\PostType' not found in /usr/home/s1306001/domains/www.sanofuzir.com/src/sano/CoreBundle/Controller/DefaultController.php on line 74
[02-Sep-2013 10:47:31 UTC] PHP Fatal error:  Class 'Sano\CoreBundle\Form\CommentType' not found in /usr/home/s1306001/domains/www.sanofuzir.com/src/sano/CoreBundle/Controller/DefaultController.php on line 74
[02-Sep-2013 10:49:06 UTC] PHP Fatal error:  Class 'sano\CoreBundle\Controller\CommentForm' not found in /usr/home/s1306001/domains/www.sanofuzir.com/src/sano/CoreBundle/Controller/DefaultController.php on line 74
[02-Sep-2013 10:49:25 UTC] PHP Fatal error:  Class 'Sano\CoreBundle\Form\CommentType' not found in /usr/home/s1306001/domains/www.sanofuzir.com/src/sano/CoreBundle/Controller/DefaultController.php on line 74
[02-Sep-2013 10:49:41 UTC] PHP Fatal error:  Class 'Sano\CoreBundle\Form\CommentType' not found in /usr/home/s1306001/domains/www.sanofuzir.com/src/sano/CoreBundle/Controller/DefaultController.php on line 74
[02-Sep-2013 10:50:44 UTC] PHP Fatal error:  Class 'sano\CoreBundle\Controller\CommentForm' not found in /usr/home/s1306001/domains/www.sanofuzir.com/src/sano/CoreBundle/Controller/DefaultController.php on line 75
[02-Sep-2013 10:51:25 UTC] PHP Fatal error:  Class 'Sano\CoreBundle\Form\QuestionnaireType' not found in /usr/home/s1306001/domains/www.sanofuzir.com/src/sano/CoreBundle/Controller/DefaultController.php on line 62
[02-Sep-2013 10:51:30 UTC] PHP Fatal error:  Class 'Sano\CoreBundle\Form\QuestionnaireType' not found in /usr/home/s1306001/domains/www.sanofuzir.com/src/sano/CoreBundle/Controller/DefaultController.php on line 62
[02-Sep-2013 10:51:48 UTC] PHP Catchable fatal error:  Argument 1 passed to Symfony\Component\Form\FormRenderer::searchAndRenderBlock() must be an instance of Symfony\Component\Form\FormView, null given, called in /usr/home/s1306001/domains/www.sanofuzir.com/app/cache/prod/twig/cd/01/ef6a3756b23a19096b726a914eac.php on line 45 and defined in /usr/home/s1306001/domains/www.sanofuzir.com/vendor/symfony/symfony/src/Symfony/Component/Form/FormRenderer.php on line 148
[02-Sep-2013 10:55:39 UTC] PHP Fatal error:  Class 'Sano\CoreBundle\Form\NewsType' not found in /usr/home/s1306001/domains/www.sanofuzir.com/src/sano/CoreBundle/Controller/DefaultController.php on line 76
[02-Sep-2013 10:56:52 UTC] PHP Catchable fatal error:  Argument 1 passed to Symfony\Component\Form\FormRenderer::searchAndRenderBlock() must be an instance of Symfony\Component\Form\FormView, null given, called in /usr/home/s1306001/domains/www.sanofuzir.com/app/cache/prod/twig/cd/01/ef6a3756b23a19096b726a914eac.php on line 45 and defined in /usr/home/s1306001/domains/www.sanofuzir.com/vendor/symfony/symfony/src/Symfony/Component/Form/FormRenderer.php on line 148
[02-Sep-2013 10:57:56 UTC] PHP Fatal error:  Class 'Sano\CoreBundle\Form\QuestionnaireType' not found in /usr/home/s1306001/domains/www.sanofuzir.com/src/sano/CoreBundle/Controller/DefaultController.php on line 62
[02-Sep-2013 10:58:08 UTC] PHP Fatal error:  Class 'Sano\CoreBundle\Form\QuestionnaireType' not found in /usr/home/s1306001/domains/www.sanofuzir.com/src/sano/CoreBundle/Controller/DefaultController.php on line 62
[02-Sep-2013 10:58:38 UTC] PHP Fatal error:  Call to a member function createView() on a non-object in /usr/home/s1306001/domains/www.sanofuzir.com/src/sano/CoreBundle/Controller/DefaultController.php on line 93
[02-Sep-2013 10:58:57 UTC] PHP Catchable fatal error:  Argument 1 passed to Symfony\Component\Form\FormRenderer::searchAndRenderBlock() must be an instance of Symfony\Component\Form\FormView, null given, called in /usr/home/s1306001/domains/www.sanofuzir.com/app/cache/prod/twig/cd/01/ef6a3756b23a19096b726a914eac.php on line 45 and defined in /usr/home/s1306001/domains/www.sanofuzir.com/vendor/symfony/symfony/src/Symfony/Component/Form/FormRenderer.php on line 148
[02-Sep-2013 11:02:09 UTC] PHP Fatal error:  Class 'Sano\CoreBundle\Form\QuestionnaireType' not found in /usr/home/s1306001/domains/www.sanofuzir.com/src/sano/CoreBundle/Controller/DefaultController.php on line 62
[02-Sep-2013 11:02:40 UTC] PHP Fatal error:  Class 'Sano\CoreBundle\Form\QuestionnaireType' not found in /usr/home/s1306001/domains/www.sanofuzir.com/src/sano/CoreBundle/Controller/DefaultController.php on line 62
[02-Sep-2013 11:05:54 UTC] PHP Fatal error:  Uncaught exception 'Swift_TransportException' with message 'Connection could not be established with host localhost [Connection reset by peer #54]' in /usr/home/s1306001/domains/www.sanofuzir.com/vendor/swiftmailer/swiftmailer/lib/classes/Swift/Transport/StreamBuffer.php:259
Stack trace:
#0 /usr/home/s1306001/domains/www.sanofuzir.com/vendor/swiftmailer/swiftmailer/lib/classes/Swift/Transport/StreamBuffer.php(64): Swift_Transport_StreamBuffer->_establishSocketConnection()
#1 /usr/home/s1306001/domains/www.sanofuzir.com/vendor/swiftmailer/swiftmailer/lib/classes/Swift/Transport/AbstractSmtpTransport.php(115): Swift_Transport_StreamBuffer->initialize(Array)
#2 /usr/home/s1306001/domains/www.sanofuzir.com/vendor/swiftmailer/swiftmailer/lib/classes/Swift/MemorySpool.php(74): Swift_Transport_AbstractSmtpTransport->start()
#3 /usr/home/s1306001/domains/www.sanofuzir.com/vendor/symfony/swiftmailer-bundle/Symfony/Bundle/SwiftmailerBundle/EventListener/EmailSenderListener.php(52): Swift_MemorySpool->flushQueue(Object( in /usr/home/s1306001/domains/www.sanofuzir.com/vendor/swiftmailer/swiftmailer/lib/classes/Swift/Transport/StreamBuffer.php on line 259
[02-Sep-2013 11:09:27 UTC] PHP Fatal error:  Uncaught exception 'Swift_TransportException' with message 'Expected response code 220 but got code "", with message ""' in /usr/home/s1306001/domains/www.sanofuzir.com/vendor/swiftmailer/swiftmailer/lib/classes/Swift/Transport/AbstractSmtpTransport.php:386
Stack trace:
#0 /usr/home/s1306001/domains/www.sanofuzir.com/vendor/swiftmailer/swiftmailer/lib/classes/Swift/Transport/AbstractSmtpTransport.php(291): Swift_Transport_AbstractSmtpTransport->_assertResponseCode('', Array)
#1 /usr/home/s1306001/domains/www.sanofuzir.com/vendor/swiftmailer/swiftmailer/lib/classes/Swift/Transport/AbstractSmtpTransport.php(119): Swift_Transport_AbstractSmtpTransport->_readGreeting()
#2 /usr/home/s1306001/domains/www.sanofuzir.com/vendor/swiftmailer/swiftmailer/lib/classes/Swift/MemorySpool.php(74): Swift_Transport_AbstractSmtpTransport->start()
#3 /usr/home/s1306001/domains/www.sanofuzir.com/vendor/symfony/swiftmailer-bundle/Symfony/Bundle/SwiftmailerBundle/EventListener/EmailSenderListener.php(52): Swift_MemorySpool->flushQue in /usr/home/s1306001/domains/www.sanofuzir.com/vendor/swiftmailer/swiftmailer/lib/classes/Swift/Transport/AbstractSmtpTransport.php on line 386
[02-Sep-2013 11:19:00 UTC] PHP Fatal error:  Uncaught exception 'Swift_TransportException' with message 'Connection could not be established with host localhost [Connection reset by peer #54]' in /usr/home/s1306001/domains/www.sanofuzir.com/vendor/swiftmailer/swiftmailer/lib/classes/Swift/Transport/StreamBuffer.php:259
Stack trace:
#0 /usr/home/s1306001/domains/www.sanofuzir.com/vendor/swiftmailer/swiftmailer/lib/classes/Swift/Transport/StreamBuffer.php(64): Swift_Transport_StreamBuffer->_establishSocketConnection()
#1 /usr/home/s1306001/domains/www.sanofuzir.com/vendor/swiftmailer/swiftmailer/lib/classes/Swift/Transport/AbstractSmtpTransport.php(115): Swift_Transport_StreamBuffer->initialize(Array)
#2 /usr/home/s1306001/domains/www.sanofuzir.com/vendor/swiftmailer/swiftmailer/lib/classes/Swift/MemorySpool.php(74): Swift_Transport_AbstractSmtpTransport->start()
#3 /usr/home/s1306001/domains/www.sanofuzir.com/vendor/symfony/swiftmailer-bundle/Symfony/Bundle/SwiftmailerBundle/EventListener/EmailSenderListener.php(52): Swift_MemorySpool->flushQueue(Object( in /usr/home/s1306001/domains/www.sanofuzir.com/vendor/swiftmailer/swiftmailer/lib/classes/Swift/Transport/StreamBuffer.php on line 259
[02-Sep-2013 11:29:14 UTC] PHP Fatal error:  Uncaught exception 'Swift_TransportException' with message 'Connection could not be established with host localhost [Connection reset by peer #54]' in /usr/home/s1306001/domains/www.sanofuzir.com/vendor/swiftmailer/swiftmailer/lib/classes/Swift/Transport/StreamBuffer.php:259
Stack trace:
#0 /usr/home/s1306001/domains/www.sanofuzir.com/vendor/swiftmailer/swiftmailer/lib/classes/Swift/Transport/StreamBuffer.php(64): Swift_Transport_StreamBuffer->_establishSocketConnection()
#1 /usr/home/s1306001/domains/www.sanofuzir.com/vendor/swiftmailer/swiftmailer/lib/classes/Swift/Transport/AbstractSmtpTransport.php(115): Swift_Transport_StreamBuffer->initialize(Array)
#2 /usr/home/s1306001/domains/www.sanofuzir.com/vendor/swiftmailer/swiftmailer/lib/classes/Swift/MemorySpool.php(74): Swift_Transport_AbstractSmtpTransport->start()
#3 /usr/home/s1306001/domains/www.sanofuzir.com/vendor/symfony/swiftmailer-bundle/Symfony/Bundle/SwiftmailerBundle/EventListener/EmailSenderListener.php(52): Swift_MemorySpool->flushQueue(Object( in /usr/home/s1306001/domains/www.sanofuzir.com/vendor/swiftmailer/swiftmailer/lib/classes/Swift/Transport/StreamBuffer.php on line 259
[02-Sep-2013 12:18:35 UTC] PHP Fatal error:  Uncaught exception 'Swift_TransportException' with message 'Connection could not be established with host localhost [Connection reset by peer #54]' in /usr/home/s1306001/domains/www.sanofuzir.com/vendor/swiftmailer/swiftmailer/lib/classes/Swift/Transport/StreamBuffer.php:259
Stack trace:
#0 /usr/home/s1306001/domains/www.sanofuzir.com/vendor/swiftmailer/swiftmailer/lib/classes/Swift/Transport/StreamBuffer.php(64): Swift_Transport_StreamBuffer->_establishSocketConnection()
#1 /usr/home/s1306001/domains/www.sanofuzir.com/vendor/swiftmailer/swiftmailer/lib/classes/Swift/Transport/AbstractSmtpTransport.php(115): Swift_Transport_StreamBuffer->initialize(Array)
#2 /usr/home/s1306001/domains/www.sanofuzir.com/vendor/swiftmailer/swiftmailer/lib/classes/Swift/MemorySpool.php(74): Swift_Transport_AbstractSmtpTransport->start()
#3 /usr/home/s1306001/domains/www.sanofuzir.com/vendor/symfony/swiftmailer-bundle/Symfony/Bundle/SwiftmailerBundle/EventListener/EmailSenderListener.php(52): Swift_MemorySpool->flushQueue(Object( in /usr/home/s1306001/domains/www.sanofuzir.com/vendor/swiftmailer/swiftmailer/lib/classes/Swift/Transport/StreamBuffer.php on line 259
[02-Sep-2013 12:19:06 UTC] PHP Fatal error:  Uncaught exception 'Swift_TransportException' with message 'Expected response code 220 but got code "", with message ""' in /usr/home/s1306001/domains/www.sanofuzir.com/vendor/swiftmailer/swiftmailer/lib/classes/Swift/Transport/AbstractSmtpTransport.php:386
Stack trace:
#0 /usr/home/s1306001/domains/www.sanofuzir.com/vendor/swiftmailer/swiftmailer/lib/classes/Swift/Transport/AbstractSmtpTransport.php(291): Swift_Transport_AbstractSmtpTransport->_assertResponseCode('', Array)
#1 /usr/home/s1306001/domains/www.sanofuzir.com/vendor/swiftmailer/swiftmailer/lib/classes/Swift/Transport/AbstractSmtpTransport.php(119): Swift_Transport_AbstractSmtpTransport->_readGreeting()
#2 /usr/home/s1306001/domains/www.sanofuzir.com/vendor/swiftmailer/swiftmailer/lib/classes/Swift/MemorySpool.php(74): Swift_Transport_AbstractSmtpTransport->start()
#3 /usr/home/s1306001/domains/www.sanofuzir.com/vendor/symfony/swiftmailer-bundle/Symfony/Bundle/SwiftmailerBundle/EventListener/EmailSenderListener.php(52): Swift_MemorySpool->flushQue in /usr/home/s1306001/domains/www.sanofuzir.com/vendor/swiftmailer/swiftmailer/lib/classes/Swift/Transport/AbstractSmtpTransport.php on line 386
[02-Sep-2013 12:19:13 UTC] PHP Fatal error:  Uncaught exception 'Swift_TransportException' with message 'Expected response code 220 but got code "", with message ""' in /usr/home/s1306001/domains/www.sanofuzir.com/vendor/swiftmailer/swiftmailer/lib/classes/Swift/Transport/AbstractSmtpTransport.php:386
Stack trace:
#0 /usr/home/s1306001/domains/www.sanofuzir.com/vendor/swiftmailer/swiftmailer/lib/classes/Swift/Transport/AbstractSmtpTransport.php(291): Swift_Transport_AbstractSmtpTransport->_assertResponseCode('', Array)
#1 /usr/home/s1306001/domains/www.sanofuzir.com/vendor/swiftmailer/swiftmailer/lib/classes/Swift/Transport/AbstractSmtpTransport.php(119): Swift_Transport_AbstractSmtpTransport->_readGreeting()
#2 /usr/home/s1306001/domains/www.sanofuzir.com/vendor/swiftmailer/swiftmailer/lib/classes/Swift/MemorySpool.php(74): Swift_Transport_AbstractSmtpTransport->start()
#3 /usr/home/s1306001/domains/www.sanofuzir.com/vendor/symfony/swiftmailer-bundle/Symfony/Bundle/SwiftmailerBundle/EventListener/EmailSenderListener.php(52): Swift_MemorySpool->flushQue in /usr/home/s1306001/domains/www.sanofuzir.com/vendor/swiftmailer/swiftmailer/lib/classes/Swift/Transport/AbstractSmtpTransport.php on line 386
[02-Sep-2013 12:19:23 UTC] PHP Fatal error:  Uncaught exception 'Swift_TransportException' with message 'Expected response code 220 but got code "", with message ""' in /usr/home/s1306001/domains/www.sanofuzir.com/vendor/swiftmailer/swiftmailer/lib/classes/Swift/Transport/AbstractSmtpTransport.php:386
Stack trace:
#0 /usr/home/s1306001/domains/www.sanofuzir.com/vendor/swiftmailer/swiftmailer/lib/classes/Swift/Transport/AbstractSmtpTransport.php(291): Swift_Transport_AbstractSmtpTransport->_assertResponseCode('', Array)
#1 /usr/home/s1306001/domains/www.sanofuzir.com/vendor/swiftmailer/swiftmailer/lib/classes/Swift/Transport/AbstractSmtpTransport.php(119): Swift_Transport_AbstractSmtpTransport->_readGreeting()
#2 /usr/home/s1306001/domains/www.sanofuzir.com/vendor/swiftmailer/swiftmailer/lib/classes/Swift/MemorySpool.php(74): Swift_Transport_AbstractSmtpTransport->start()
#3 /usr/home/s1306001/domains/www.sanofuzir.com/vendor/symfony/swiftmailer-bundle/Symfony/Bundle/SwiftmailerBundle/EventListener/EmailSenderListener.php(52): Swift_MemorySpool->flushQue in /usr/home/s1306001/domains/www.sanofuzir.com/vendor/swiftmailer/swiftmailer/lib/classes/Swift/Transport/AbstractSmtpTransport.php on line 386
[02-Sep-2013 12:55:49 UTC] PHP Fatal error:  Uncaught exception 'Swift_TransportException' with message 'Connection could not be established with host localhost [Connection reset by peer #54]' in /usr/home/s1306001/domains/www.sanofuzir.com/vendor/swiftmailer/swiftmailer/lib/classes/Swift/Transport/StreamBuffer.php:259
Stack trace:
#0 /usr/home/s1306001/domains/www.sanofuzir.com/vendor/swiftmailer/swiftmailer/lib/classes/Swift/Transport/StreamBuffer.php(64): Swift_Transport_StreamBuffer->_establishSocketConnection()
#1 /usr/home/s1306001/domains/www.sanofuzir.com/vendor/swiftmailer/swiftmailer/lib/classes/Swift/Transport/AbstractSmtpTransport.php(115): Swift_Transport_StreamBuffer->initialize(Array)
#2 /usr/home/s1306001/domains/www.sanofuzir.com/vendor/swiftmailer/swiftmailer/lib/classes/Swift/MemorySpool.php(74): Swift_Transport_AbstractSmtpTransport->start()
#3 /usr/home/s1306001/domains/www.sanofuzir.com/vendor/symfony/swiftmailer-bundle/Symfony/Bundle/SwiftmailerBundle/EventListener/EmailSenderListener.php(52): Swift_MemorySpool->flushQueue(Object( in /usr/home/s1306001/domains/www.sanofuzir.com/vendor/swiftmailer/swiftmailer/lib/classes/Swift/Transport/StreamBuffer.php on line 259
[02-Sep-2013 12:56:34 UTC] PHP Fatal error:  Uncaught exception 'Swift_TransportException' with message 'Failed to authenticate on SMTP server with username "sano.fuzir@gmail.com" using 1 possible authenticators' in /usr/home/s1306001/domains/www.sanofuzir.com/vendor/swiftmailer/swiftmailer/lib/classes/Swift/Transport/Esmtp/AuthHandler.php:184
Stack trace:
#0 /usr/home/s1306001/domains/www.sanofuzir.com/vendor/swiftmailer/swiftmailer/lib/classes/Swift/Transport/EsmtpTransport.php(312): Swift_Transport_Esmtp_AuthHandler->afterEhlo(Object(Swift_Transport_EsmtpTransport))
#1 /usr/home/s1306001/domains/www.sanofuzir.com/vendor/swiftmailer/swiftmailer/lib/classes/Swift/Transport/AbstractSmtpTransport.php(120): Swift_Transport_EsmtpTransport->_doHeloCommand()
#2 /usr/home/s1306001/domains/www.sanofuzir.com/vendor/swiftmailer/swiftmailer/lib/classes/Swift/MemorySpool.php(74): Swift_Transport_AbstractSmtpTransport->start()
#3 /usr/home/s1306001/domains/www.sanofuzir.com/vendor/symfony/swiftmailer-bundle/Symfony/Bundle/SwiftmailerBundle/EventListener/EmailSender in /usr/home/s1306001/domains/www.sanofuzir.com/vendor/swiftmailer/swiftmailer/lib/classes/Swift/Transport/Esmtp/AuthHandler.php on line 184
[02-Sep-2013 13:02:07 UTC] PHP Fatal error:  Uncaught exception 'Swift_TransportException' with message 'Failed to authenticate on SMTP server with username "sano.fuzir@gmail.com" using 1 possible authenticators' in /usr/home/s1306001/domains/www.sanofuzir.com/vendor/swiftmailer/swiftmailer/lib/classes/Swift/Transport/Esmtp/AuthHandler.php:184
Stack trace:
#0 /usr/home/s1306001/domains/www.sanofuzir.com/vendor/swiftmailer/swiftmailer/lib/classes/Swift/Transport/EsmtpTransport.php(312): Swift_Transport_Esmtp_AuthHandler->afterEhlo(Object(Swift_Transport_EsmtpTransport))
#1 /usr/home/s1306001/domains/www.sanofuzir.com/vendor/swiftmailer/swiftmailer/lib/classes/Swift/Transport/AbstractSmtpTransport.php(120): Swift_Transport_EsmtpTransport->_doHeloCommand()
#2 /usr/home/s1306001/domains/www.sanofuzir.com/vendor/swiftmailer/swiftmailer/lib/classes/Swift/MemorySpool.php(74): Swift_Transport_AbstractSmtpTransport->start()
#3 /usr/home/s1306001/domains/www.sanofuzir.com/vendor/symfony/swiftmailer-bundle/Symfony/Bundle/SwiftmailerBundle/EventListener/EmailSender in /usr/home/s1306001/domains/www.sanofuzir.com/vendor/swiftmailer/swiftmailer/lib/classes/Swift/Transport/Esmtp/AuthHandler.php on line 184
